

*******************************************************************************
Wed Mar 25 16:01:50 2015


FIT:    data read from "out.dat"
        format = z
        #datapoints = 20
        residuals are weighted equally (unit weight)

function used for fitting: e(x)
	e(x)=A*exp(-x/x0)
fitted parameters initialized with current variable values

iter      chisq       delta/lim  lambda   A             x0           
   0 9.8228673631e+01   0.00e+00  2.52e+00    1.000000e+01   4.000000e+00
   8 3.3375765254e-01  -5.03e-02  2.52e-08    1.290385e+00   1.021889e+01

After 8 iterations the fit converged.
final sum of squares of residuals : 0.333758
rel. change during last iteration : -5.02862e-07

degrees of freedom    (FIT_NDF)                        : 18
rms of residuals      (FIT_STDFIT) = sqrt(WSSR/ndf)    : 0.136169
variance of residuals (reduced chisquare) = WSSR/ndf   : 0.0185421

Final set of parameters            Asymptotic Standard Error
=======================            ==========================
A               = 1.29039          +/- 0.1019       (7.893%)
x0              = 10.2189          +/- 1.23         (12.04%)

correlation matrix of the fit parameters:
                A      x0     
A               1.000 
x0             -0.778  1.000 
